<?xml version="1.0" encoding="UTF-8"?>
<testsuite name="com.springinaction.knights.BraveKnightTest" tests="1" skipped="0" failures="0" errors="0" timestamp="2016-09-22T13:53:31" hostname="WS128" time="0.106">
  <properties/>
  <testcase name="testEmbarkOnQuest" classname="com.springinaction.knights.BraveKnightTest" time="0.106"/>
  <system-out><![CDATA[]]></system-out>
  <system-err><![CDATA[]]></system-err>
</testsuite>
