<?xml version="1.0" encoding="UTF-8"?>
<testsuite name="com.springinaction.spittr.web.HomeControllerTest" tests="2" skipped="0" failures="0" errors="0" timestamp="2016-09-22T13:53:32" hostname="WS128" time="0.372">
  <properties/>
  <testcase name="home" classname="com.springinaction.spittr.web.HomeControllerTest" time="0.004"/>
  <testcase name="testHomePage" classname="com.springinaction.spittr.web.HomeControllerTest" time="0.366"/>
  <system-out><![CDATA[]]></system-out>
  <system-err><![CDATA[Sep 22, 2016 4:53:32 PM org.springframework.test.web.servlet.setup.StandaloneMockMvcBuilder$StaticRequestMappingHandlerMapping register
INFO: Mapped "{[/ || /homepage],methods=[GET]}" onto public java.lang.String com.springinaction.spittr.web.HomeController.home()
Sep 22, 2016 4:53:32 PM org.springframework.web.servlet.mvc.method.annotation.RequestMappingHandlerAdapter initControllerAdviceCache
INFO: Looking for @ControllerAdvice: org.springframework.test.web.servlet.setup.StubWebApplicationContext@10ee3b78
Sep 22, 2016 4:53:32 PM org.springframework.mock.web.MockServletContext log
INFO: Initializing Spring FrameworkServlet ''
Sep 22, 2016 4:53:32 PM org.springframework.test.web.servlet.TestDispatcherServlet initServletBean
INFO: FrameworkServlet '': initialization started
Sep 22, 2016 4:53:32 PM org.springframework.test.web.servlet.TestDispatcherServlet initServletBean
INFO: FrameworkServlet '': initialization completed in 2 ms
]]></system-err>
</testsuite>
