<?xml version="1.0" encoding="UTF-8"?>
<testsuite name="com.springinaction.soundsystem.TrackCounterTest" tests="1" skipped="0" failures="0" errors="0" timestamp="2016-09-22T13:53:32" hostname="WS128" time="0.011">
  <properties/>
  <testcase name="countTrack" classname="com.springinaction.soundsystem.TrackCounterTest" time="0.011"/>
  <system-out><![CDATA[With a Little Help from My Friends
Lucy in the Sky with Diamonds
Getting Better
Getting Better
Getting Better
Getting Better
Fixing a Hole
Fixing a Hole
]]></system-out>
  <system-err><![CDATA[Sep 22, 2016 4:53:31 PM org.springframework.test.context.support.DefaultTestContextBootstrapper getDefaultTestExecutionListenerClassNames
INFO: Loaded default TestExecutionListener class names from location [META-INF/spring.factories]: [org.springframework.test.context.web.ServletTestExecutionListener, org.springframework.test.context.support.DirtiesContextBeforeModesTestExecutionListener, org.springframework.test.context.support.DependencyInjectionTestExecutionListener, org.springframework.test.context.support.DirtiesContextTestExecutionListener, org.springframework.test.context.transaction.TransactionalTestExecutionListener, org.springframework.test.context.jdbc.SqlScriptsTestExecutionListener]
Sep 22, 2016 4:53:31 PM org.springframework.test.context.support.DefaultTestContextBootstrapper getTestExecutionListeners
INFO: Using TestExecutionListeners: [org.springframework.test.context.web.ServletTestExecutionListener@27716afc, org.springframework.test.context.support.DirtiesContextBeforeModesTestExecutionListener@22e1f99, org.springframework.test.context.support.DependencyInjectionTestExecutionListener@17862017, org.springframework.test.context.support.DirtiesContextTestExecutionListener@3fbebfa4, org.springframework.test.context.transaction.TransactionalTestExecutionListener@13b40425, org.springframework.test.context.jdbc.SqlScriptsTestExecutionListener@6114131d]
Sep 22, 2016 4:53:31 PM org.springframework.context.support.GenericApplicationContext prepareRefresh
INFO: Refreshing org.springframework.context.support.GenericApplicationContext@473411b0: startup date [Thu Sep 22 16:53:31 EEST 2016]; root of context hierarchy
]]></system-err>
</testsuite>
